<?xml version="1.0" encoding="UTF-8"?>
<!-- Generated by org.testng.reporters.JUnitReportReporter -->
<testsuite hostname="Prakash_Muthu" failures="0" tests="1" name="bdd.test.testrunner" time="29.915" errors="0" timestamp="2023-08-16T11:08:13 IST" skipped="0">
  <testcase classname="bdd.test.testrunner" name="runScenario" time="29.915"/>
  <system-out/>
</testsuite> <!-- bdd.test.testrunner -->
