<?xml version="1.0" encoding="UTF-8"?>
<!-- Generated by org.testng.reporters.JUnitReportReporter -->
<testsuite hostname="Prakash_Muthu" failures="0" tests="1" name="bdd.test.testrunner" time="20.330" errors="0" timestamp="2023-06-24T16:33:01 IST" skipped="0">
  <testcase classname="bdd.test.testrunner" name="runScenario" time="20.330"/>
  <system-out/>
</testsuite> <!-- bdd.test.testrunner -->
